#
# There is insufficient memory for the Java Runtime Environment to continue.
# Native memory allocation (mmap) failed to map 66060288 bytes for committing reserved memory.
# Possible reasons:
#   The system is out of physical RAM or swap space
#   In 32 bit mode, the process size limit was hit
# Possible solutions:
#   Reduce memory load on the system
#   Increase physical memory or swap space
#   Check if swap backing store is full
#   Use 64 bit Java on a 64 bit OS
#   Decrease Java heap size (-Xmx/-Xms)
#   Decrease number of Java threads
#   Decrease Java thread stack sizes (-Xss)
#   Set larger code cache with -XX:ReservedCodeCacheSize=
# This output file may be truncated or incomplete.
#
#  Out of Memory Error (os_linux.cpp:2627), pid=8243, tid=139811499976448
#
# JRE version: Java(TM) SE Runtime Environment (8.0_91-b14) (build 1.8.0_91-b14)
# Java VM: Java HotSpot(TM) 64-Bit Server VM (25.91-b14 mixed mode linux-amd64 compressed oops)
# Failed to write core dump. Core dumps have been disabled. To enable core dumping, try "ulimit -c unlimited" before starting Java again
#

---------------  T H R E A D  ---------------

Current thread (0x00007f2888080000):  VMThread [stack: 0x00007f2866baa000,0x00007f2866cab000] [id=8257]

Stack: [0x00007f2866baa000,0x00007f2866cab000],  sp=0x00007f2866ca91a0,  free space=1020k
Native frames: (J=compiled Java code, j=interpreted, Vv=VM code, C=native code)
V  [libjvm.so+0xabc18a]  VMError::report_and_die()+0x2ba
V  [libjvm.so+0x4fafeb]  report_vm_out_of_memory(char const*, int, unsigned long, VMErrorType, char const*)+0x8b
V  [libjvm.so+0x91cbb3]  os::Linux::commit_memory_impl(char*, unsigned long, bool)+0x103
V  [libjvm.so+0x91d109]  os::pd_commit_memory(char*, unsigned long, unsigned long, bool)+0x29
V  [libjvm.so+0x91740a]  os::commit_memory(char*, unsigned long, unsigned long, bool)+0x2a
V  [libjvm.so+0x98b033]  PSVirtualSpace::expand_by(unsigned long)+0x53
V  [libjvm.so+0x98c438]  PSYoungGen::resize_generation(unsigned long, unsigned long)+0xf8
V  [libjvm.so+0x98b592]  PSYoungGen::resize(unsigned long, unsigned long)+0x22
V  [libjvm.so+0x98886b]  PSScavenge::invoke_no_policy()+0xf3b
V  [libjvm.so+0x988ff1]  PSScavenge::invoke()+0x41
V  [libjvm.so+0x9408b0]  ParallelScavengeHeap::failed_mem_allocate(unsigned long)+0x70
V  [libjvm.so+0xabdba7]  VM_ParallelGCFailedAllocation::doit()+0x97
V  [libjvm.so+0xac55d5]  VM_Operation::evaluate()+0x55
V  [libjvm.so+0xac39aa]  VMThread::evaluate_operation(VM_Operation*)+0xba
V  [libjvm.so+0xac3d2e]  VMThread::loop()+0x1ce
V  [libjvm.so+0xac41a0]  VMThread::run()+0x70
V  [libjvm.so+0x91ef78]  java_start(Thread*)+0x108

VM_Operation (0x00007f2865fc6e00): ParallelGCFailedAllocation, mode: safepoint, requested by thread 0x00007f2888149800


---------------  P R O C E S S  ---------------

Java Threads: ( => current thread )
  0x00007f2888156000 JavaThread "pool-2-thread-2" [_thread_blocked, id=8269, stack(0x00007f2865cc6000,0x00007f2865dc7000)]
  0x00007f288814e000 JavaThread "pool-3-thread-1" [_thread_blocked, id=8268, stack(0x00007f2865dc7000,0x00007f2865ec8000)]
  0x00007f2888149800 JavaThread "pool-2-thread-1" [_thread_blocked, id=8267, stack(0x00007f2865ec8000,0x00007f2865fc9000)]
  0x00007f28880cb000 JavaThread "Service Thread" daemon [_thread_blocked, id=8265, stack(0x00007f28660ca000,0x00007f28661cb000)]
  0x00007f28880c7800 JavaThread "C1 CompilerThread3" daemon [_thread_blocked, id=8264, stack(0x00007f28661cb000,0x00007f28662cc000)]
  0x00007f28880c5800 JavaThread "C2 CompilerThread2" daemon [_thread_in_native, id=8263, stack(0x00007f28662cc000,0x00007f28663cd000)]
  0x00007f28880c3800 JavaThread "C2 CompilerThread1" daemon [_thread_blocked, id=8262, stack(0x00007f28663cd000,0x00007f28664ce000)]
  0x00007f28880c1000 JavaThread "C2 CompilerThread0" daemon [_thread_blocked, id=8261, stack(0x00007f28664ce000,0x00007f28665cf000)]
  0x00007f28880bf800 JavaThread "Signal Dispatcher" daemon [_thread_blocked, id=8260, stack(0x00007f28665cf000,0x00007f28666d0000)]
  0x00007f288808c000 JavaThread "Finalizer" daemon [_thread_blocked, id=8259, stack(0x00007f28669a8000,0x00007f2866aa9000)]
  0x00007f2888087800 JavaThread "Reference Handler" daemon [_thread_blocked, id=8258, stack(0x00007f2866aa9000,0x00007f2866baa000)]
  0x00007f288800a000 JavaThread "main" [_thread_blocked, id=8248, stack(0x00007f288e319000,0x00007f288e41a000)]

Other Threads:
=>0x00007f2888080000 VMThread [stack: 0x00007f2866baa000,0x00007f2866cab000] [id=8257]
  0x00007f28880cd800 WatcherThread [stack: 0x00007f2865fc9000,0x00007f28660ca000] [id=8266]

VM state:at safepoint (normal execution)

VM Mutex/Monitor currently owned by a thread:  ([mutex/lock_event])
